<?xml version="1.0" encoding="UTF-8" ?>
<testsuite failures="1" time="4.664" errors="0" skipped="0" tests="7" name="com.gtfs.test.ProjectMstTest">
  <properties>
    <property name="java.runtime.name" value="Java(TM) SE Runtime Environment"/>
    <property name="sun.boot.library.path" value="/usr/lib/jvm/java-7-oracle/jre/lib/amd64"/>
    <property name="java.vm.version" value="24.76-b04"/>
    <property name="java.vm.vendor" value="Oracle Corporation"/>
    <property name="java.vendor.url" value="http://java.oracle.com/"/>
    <property name="path.separator" value=":"/>
    <property name="guice.disable.misplaced.annotation.check" value="true"/>
    <property name="java.vm.name" value="Java HotSpot(TM) 64-Bit Server VM"/>
    <property name="file.encoding.pkg" value="sun.io"/>
    <property name="user.country" value="IN"/>
    <property name="sun.java.launcher" value="SUN_STANDARD"/>
    <property name="sun.os.patch.level" value="unknown"/>
    <property name="java.vm.specification.name" value="Java Virtual Machine Specification"/>
    <property name="user.dir" value="/home/java-dev/workspace/ANUL"/>
    <property name="java.runtime.version" value="1.7.0_76-b13"/>
    <property name="java.awt.graphicsenv" value="sun.awt.X11GraphicsEnvironment"/>
    <property name="java.endorsed.dirs" value="/usr/lib/jvm/java-7-oracle/jre/lib/endorsed"/>
    <property name="os.arch" value="amd64"/>
    <property name="java.io.tmpdir" value="/tmp"/>
    <property name="line.separator" value="
"/>
    <property name="java.vm.specification.vendor" value="Oracle Corporation"/>
    <property name="os.name" value="Linux"/>
    <property name="classworlds.conf" value="/home/java-dev/workspace/.metadata/.plugins/org.eclipse.m2e.launching/launches/m2conf1658609881085315084.tmp"/>
    <property name="sun.jnu.encoding" value="UTF-8"/>
    <property name="java.library.path" value="/usr/java/packages/lib/amd64:/usr/lib64:/lib64:/lib:/usr/lib"/>
    <property name="java.specification.name" value="Java Platform API Specification"/>
    <property name="java.class.version" value="51.0"/>
    <property name="sun.management.compiler" value="HotSpot 64-Bit Tiered Compilers"/>
    <property name="os.version" value="3.11.0-19-generic"/>
    <property name="user.home" value="/home/java-dev"/>
    <property name="user.timezone" value="Asia/Kolkata"/>
    <property name="java.awt.printerjob" value="sun.print.PSPrinterJob"/>
    <property name="file.encoding" value="UTF-8"/>
    <property name="java.specification.version" value="1.7"/>
    <property name="user.name" value="java-dev"/>
    <property name="java.class.path" value="/home/java-dev/Documents/spring-eclipse/configuration/org.eclipse.osgi/bundles/1389/1/.cp/jars/plexus-classworlds-2.4.jar"/>
    <property name="java.vm.specification.version" value="1.7"/>
    <property name="sun.arch.data.model" value="64"/>
    <property name="java.home" value="/usr/lib/jvm/java-7-oracle/jre"/>
    <property name="sun.java.command" value="org.codehaus.plexus.classworlds.launcher.Launcher -B test"/>
    <property name="java.specification.vendor" value="Oracle Corporation"/>
    <property name="user.language" value="en"/>
    <property name="awt.toolkit" value="sun.awt.X11.XToolkit"/>
    <property name="java.vm.info" value="mixed mode"/>
    <property name="java.version" value="1.7.0_76"/>
    <property name="java.ext.dirs" value="/usr/lib/jvm/java-7-oracle/jre/lib/ext:/usr/java/packages/lib/ext"/>
    <property name="securerandom.source" value="file:/dev/./urandom"/>
    <property name="sun.boot.class.path" value="/usr/lib/jvm/java-7-oracle/jre/lib/resources.jar:/usr/lib/jvm/java-7-oracle/jre/lib/rt.jar:/usr/lib/jvm/java-7-oracle/jre/lib/sunrsasign.jar:/usr/lib/jvm/java-7-oracle/jre/lib/jsse.jar:/usr/lib/jvm/java-7-oracle/jre/lib/jce.jar:/usr/lib/jvm/java-7-oracle/jre/lib/charsets.jar:/usr/lib/jvm/java-7-oracle/jre/lib/jfr.jar:/usr/lib/jvm/java-7-oracle/jre/classes"/>
    <property name="java.vendor" value="Oracle Corporation"/>
    <property name="maven.home" value="/home/java-dev/workspace/ANUL/EMBEDDED"/>
    <property name="file.separator" value="/"/>
    <property name="java.vendor.url.bug" value="http://bugreport.sun.com/bugreport/"/>
    <property name="maven.bootclasspath" value="/home/java-dev/Documents/spring-eclipse/configuration/org.eclipse.osgi/bundles/1389/1/.cp/jars/plexus-classworlds-2.4.jar"/>
    <property name="sun.cpu.endian" value="little"/>
    <property name="sun.io.unicode.encoding" value="UnicodeLittle"/>
    <property name="sun.desktop" value="gnome"/>
    <property name="sun.cpu.isalist" value=""/>
  </properties>
  <testcase time="2.252" classname="com.gtfs.test.ProjectMstTest" name="findAllInService"/>
  <testcase time="0.484" classname="com.gtfs.test.ProjectMstTest" name="findByIdInDao"/>
  <testcase time="0.401" classname="com.gtfs.test.ProjectMstTest" name="updateInDao"/>
  <testcase time="0.307" classname="com.gtfs.test.ProjectMstTest" name="insertInDao"/>
  <testcase time="0.545" classname="com.gtfs.test.ProjectMstTest" name="insertInJson">
    <failure message="Status expected:&lt;200&gt; but was:&lt;406&gt;" type="java.lang.AssertionError">java.lang.AssertionError: Status expected:&lt;200&gt; but was:&lt;406&gt;
	at org.springframework.test.util.AssertionErrors.fail(AssertionErrors.java:60)
	at org.springframework.test.util.AssertionErrors.assertEquals(AssertionErrors.java:89)
	at org.springframework.test.web.servlet.result.StatusResultMatchers$10.match(StatusResultMatchers.java:626)
	at org.springframework.test.web.servlet.MockMvc$1.andExpect(MockMvc.java:149)
	at com.gtfs.test.ProjectMstTest.insertInJson(ProjectMstTest.java:46)
	at sun.reflect.NativeMethodAccessorImpl.invoke0(Native Method)
	at sun.reflect.NativeMethodAccessorImpl.invoke(NativeMethodAccessorImpl.java:57)
	at sun.reflect.DelegatingMethodAccessorImpl.invoke(DelegatingMethodAccessorImpl.java:43)
	at java.lang.reflect.Method.invoke(Method.java:606)
	at org.junit.runners.model.FrameworkMethod$1.runReflectiveCall(FrameworkMethod.java:47)
	at org.junit.internal.runners.model.ReflectiveCallable.run(ReflectiveCallable.java:12)
	at org.junit.runners.model.FrameworkMethod.invokeExplosively(FrameworkMethod.java:44)
	at org.junit.internal.runners.statements.InvokeMethod.evaluate(InvokeMethod.java:17)
	at org.junit.internal.runners.statements.RunBefores.evaluate(RunBefores.java:26)
	at org.junit.runners.ParentRunner.runLeaf(ParentRunner.java:271)
	at org.junit.runners.BlockJUnit4ClassRunner.runChild(BlockJUnit4ClassRunner.java:70)
	at org.junit.runners.BlockJUnit4ClassRunner.runChild(BlockJUnit4ClassRunner.java:50)
	at org.junit.runners.ParentRunner$3.run(ParentRunner.java:238)
	at org.junit.runners.ParentRunner$1.schedule(ParentRunner.java:63)
	at org.junit.runners.ParentRunner.runChildren(ParentRunner.java:236)
	at org.junit.runners.ParentRunner.access$000(ParentRunner.java:53)
	at org.junit.runners.ParentRunner$2.evaluate(ParentRunner.java:229)
	at org.junit.runners.ParentRunner.run(ParentRunner.java:309)
	at org.apache.maven.surefire.junit4.JUnit4TestSet.execute(JUnit4TestSet.java:53)
	at org.apache.maven.surefire.junit4.JUnit4Provider.executeTestSet(JUnit4Provider.java:123)
	at org.apache.maven.surefire.junit4.JUnit4Provider.invoke(JUnit4Provider.java:104)
	at sun.reflect.NativeMethodAccessorImpl.invoke0(Native Method)
	at sun.reflect.NativeMethodAccessorImpl.invoke(NativeMethodAccessorImpl.java:57)
	at sun.reflect.DelegatingMethodAccessorImpl.invoke(DelegatingMethodAccessorImpl.java:43)
	at java.lang.reflect.Method.invoke(Method.java:606)
	at org.apache.maven.surefire.util.ReflectionUtils.invokeMethodWithArray(ReflectionUtils.java:164)
	at org.apache.maven.surefire.booter.ProviderFactory$ProviderProxy.invoke(ProviderFactory.java:110)
	at org.apache.maven.surefire.booter.SurefireStarter.invokeProvider(SurefireStarter.java:175)
	at org.apache.maven.surefire.booter.SurefireStarter.runSuitesInProcessWhenForked(SurefireStarter.java:107)
	at org.apache.maven.surefire.booter.ForkedBooter.main(ForkedBooter.java:68)
</failure>
    <system-out>INFO    2015-04-09 15:57:05,213 [main] org.springframework.context.support.FileSystemXmlApplicationContext  - Refreshing org.springframework.context.support.FileSystemXmlApplicationContext@1c9e50cd: startup date [Thu Apr 09 15:57:05 IST 2015]; root of context hierarchy
INFO    2015-04-09 15:57:05,213 [main] org.springframework.beans.factory.xml.XmlBeanDefinitionReader  - Loading XML bean definitions from URL [file:src/main/webapp/WEB-INF/applicationContext.xml]
INFO    2015-04-09 15:57:05,243 [main] org.springframework.beans.factory.xml.XmlBeanDefinitionReader  - Loading XML bean definitions from URL [file:src/main/webapp/WEB-INF/security.xml]
INFO    2015-04-09 15:57:05,266 [main] org.springframework.security.config.SecurityNamespaceHandler  - Spring Security &apos;config&apos; module version is 3.2.5.RELEASE
INFO    2015-04-09 15:57:05,267 [main] org.springframework.security.config.http.FilterInvocationSecurityMetadataSourceParser  - Creating access control expression attribute &apos;isAuthenticated()&apos; for /dashboard**
INFO    2015-04-09 15:57:05,267 [main] org.springframework.security.config.http.FilterInvocationSecurityMetadataSourceParser  - Creating access control expression attribute &apos;isAuthenticated()&apos; for /pro/**
INFO    2015-04-09 15:57:05,268 [main] org.springframework.security.config.http.HttpSecurityBeanDefinitionParser  - Checking sorted filter chain: [Root bean: class [org.springframework.security.web.context.SecurityContextPersistenceFilter]; scope=; abstract=false; lazyInit=false; autowireMode=0; dependencyCheck=0; autowireCandidate=true; primary=false; factoryBeanName=null; factoryMethodName=null; initMethodName=null; destroyMethodName=null, order = 200, Root bean: class [org.springframework.security.web.session.ConcurrentSessionFilter]; scope=; abstract=false; lazyInit=false; autowireMode=0; dependencyCheck=0; autowireCandidate=true; primary=false; factoryBeanName=null; factoryMethodName=null; initMethodName=null; destroyMethodName=null, order = 300, Root bean: class [org.springframework.security.web.context.request.async.WebAsyncManagerIntegrationFilter]; scope=; abstract=false; lazyInit=false; autowireMode=0; dependencyCheck=0; autowireCandidate=true; primary=false; factoryBeanName=null; factoryMethodName=null; initMethodName=null; destroyMethodName=null, order = 400, Root bean: class [org.springframework.security.web.authentication.logout.LogoutFilter]; scope=; abstract=false; lazyInit=false; autowireMode=0; dependencyCheck=0; autowireCandidate=true; primary=false; factoryBeanName=null; factoryMethodName=null; initMethodName=null; destroyMethodName=null, order = 700, &lt;org.springframework.security.web.authentication.UsernamePasswordAuthenticationFilter#0&gt;, order = 1100, Root bean: class [org.springframework.security.web.savedrequest.RequestCacheAwareFilter]; scope=; abstract=false; lazyInit=false; autowireMode=0; dependencyCheck=0; autowireCandidate=true; primary=false; factoryBeanName=null; factoryMethodName=null; initMethodName=null; destroyMethodName=null, order = 1600, Root bean: class [org.springframework.security.web.servletapi.SecurityContextHolderAwareRequestFilter]; scope=; abstract=false; lazyInit=false; autowireMode=0; dependencyCheck=0; autowireCandidate=true; primary=false; factoryBeanName=null; factoryMethodName=null; initMethodName=null; destroyMethodName=null, order = 1700, Root bean: class [org.springframework.security.web.authentication.AnonymousAuthenticationFilter]; scope=; abstract=false; lazyInit=false; autowireMode=0; dependencyCheck=0; autowireCandidate=true; primary=false; factoryBeanName=null; factoryMethodName=null; initMethodName=null; destroyMethodName=null, order = 2000, Root bean: class [org.springframework.security.web.session.SessionManagementFilter]; scope=; abstract=false; lazyInit=false; autowireMode=0; dependencyCheck=0; autowireCandidate=true; primary=false; factoryBeanName=null; factoryMethodName=null; initMethodName=null; destroyMethodName=null, order = 2100, Root bean: class [org.springframework.security.web.access.ExceptionTranslationFilter]; scope=; abstract=false; lazyInit=false; autowireMode=0; dependencyCheck=0; autowireCandidate=true; primary=false; factoryBeanName=null; factoryMethodName=null; initMethodName=null; destroyMethodName=null, order = 2200, &lt;org.springframework.security.web.access.intercept.FilterSecurityInterceptor#0&gt;, order = 2300]
INFO    2015-04-09 15:57:05,361 [main] org.hibernate.dialect.Dialect  - HHH000400: Using dialect: org.hibernate.dialect.Oracle10gDialect
INFO    2015-04-09 15:57:05,363 [main] org.hibernate.engine.transaction.internal.TransactionFactoryInitiator  - HHH000399: Using default transaction strategy (direct JDBC transactions)
INFO    2015-04-09 15:57:05,363 [main] org.hibernate.hql.internal.ast.ASTQueryTranslatorFactory  - HHH000397: Using ASTQueryTranslatorFactory
INFO    2015-04-09 15:57:05,406 [main] org.springframework.security.provisioning.JdbcUserDetailsManager  - No authentication manager set. Reauthentication of users when changing passwords will not be performed.
INFO    2015-04-09 15:57:05,424 [main] org.springframework.security.web.DefaultSecurityFilterChain  - Creating filter chain: org.springframework.security.web.util.matcher.AnyRequestMatcher@1, [org.springframework.security.web.context.SecurityContextPersistenceFilter@45ed56a8, org.springframework.security.web.session.ConcurrentSessionFilter@60d45375, org.springframework.security.web.context.request.async.WebAsyncManagerIntegrationFilter@13b357fd, org.springframework.security.web.authentication.logout.LogoutFilter@6355ad25, org.springframework.security.web.authentication.UsernamePasswordAuthenticationFilter@dda8b16, org.springframework.security.web.savedrequest.RequestCacheAwareFilter@6e15875, org.springframework.security.web.servletapi.SecurityContextHolderAwareRequestFilter@34766cda, org.springframework.security.web.authentication.AnonymousAuthenticationFilter@4ae4771e, org.springframework.security.web.session.SessionManagementFilter@5d4878fb, org.springframework.security.web.access.ExceptionTranslationFilter@40fed695, org.springframework.security.web.access.intercept.FilterSecurityInterceptor@1ab9f189]
INFO    2015-04-09 15:57:05,426 [main] org.springframework.security.config.http.DefaultFilterChainValidator  - Checking whether login URL &apos;/login.html&apos; is accessible with your configuration
INFO    2015-04-09 15:57:05,462 [main] org.springframework.test.web.servlet.setup.StandaloneMockMvcBuilder$StaticRequestMappingHandlerMapping  - Mapped &quot;{[/projectMst/findAll],methods=[],params=[],headers=[],consumes=[],produces=[],custom=[]}&quot; onto public java.util.List&lt;com.gtfs.dto.ProjectMstDto&gt; com.gtfs.json.ProjectMstJson.findAll(org.springframework.ui.Model)
INFO    2015-04-09 15:57:05,462 [main] org.springframework.test.web.servlet.setup.StandaloneMockMvcBuilder$StaticRequestMappingHandlerMapping  - Mapped &quot;{[/projectMst/findById],methods=[],params=[],headers=[],consumes=[],produces=[],custom=[]}&quot; onto public com.gtfs.dto.ProjectMstDto com.gtfs.json.ProjectMstJson.findById(org.springframework.ui.Model,java.lang.Long)
INFO    2015-04-09 15:57:05,463 [main] org.springframework.test.web.servlet.setup.StandaloneMockMvcBuilder$StaticRequestMappingHandlerMapping  - Mapped &quot;{[/projectMst/insert],methods=[POST],params=[],headers=[],consumes=[],produces=[],custom=[]}&quot; onto public java.lang.Long com.gtfs.json.ProjectMstJson.insert(com.gtfs.dto.ProjectMstDto,org.springframework.ui.Model)
INFO    2015-04-09 15:57:05,463 [main] org.springframework.test.web.servlet.setup.StandaloneMockMvcBuilder$StaticRequestMappingHandlerMapping  - Mapped &quot;{[/projectMst/update],methods=[POST],params=[],headers=[],consumes=[],produces=[],custom=[]}&quot; onto public java.lang.Integer com.gtfs.json.ProjectMstJson.update(com.gtfs.dto.ProjectMstDto,org.springframework.ui.Model)
INFO    2015-04-09 15:57:05,643 [main] org.springframework.mock.web.MockServletContext  - Initializing Spring FrameworkServlet &apos;&apos;
INFO    2015-04-09 15:57:05,643 [main] org.springframework.test.web.servlet.TestDispatcherServlet  - FrameworkServlet &apos;&apos;: initialization started
INFO    2015-04-09 15:57:05,646 [main] org.springframework.test.web.servlet.TestDispatcherServlet  - FrameworkServlet &apos;&apos;: initialization completed in 2 ms
Hibernate: select PROJECT_MST_SEQ.nextval from dual
Hibernate: insert into PROJECT_MST (ADDRESS, CHQ_IN_FAVOR, CREATED_BY, CREATED_DATE, DELETE_FLAG, DELETED_BY, DELETED_DATE, MILESTONE_COMPLTD, MODIFIED_BY, MODIFIED_DATE, NO_OF_CAR_PARK, NO_OF_CAR_PARK_AVLBL, NO_OF_FLAT, NO_OF_FLAT_AVLBL, NO_OF_FLOOR, PROJECT_NAME, ID) values (?, ?, ?, ?, ?, ?, ?, ?, ?, ?, ?, ?, ?, ?, ?, ?, ?)
</system-out>
  </testcase>
  <testcase time="0.308" classname="com.gtfs.test.ProjectMstTest" name="findByIdInService"/>
  <testcase time="0.301" classname="com.gtfs.test.ProjectMstTest" name="findAllInDao"/>
</testsuite>